# JRE version: OpenJDK Runtime Environment (11.0.13) (build 11.0.13+0-b1751.21-8125866)
# Java VM: OpenJDK 64-Bit Server VM (11.0.13+0-b1751.21-8125866, mixed mode, tiered, compressed oops, g1 gc, windows-amd64)
Heap:
 garbage-first heap   total 192512K, used 122330K [0x0000000080000000, 0x0000000100000000)
  region size 1024K, 6 young (6144K), 3 survivors (3072K)
 Metaspace       used 125596K, capacity 128948K, committed 129252K, reserved 1161216K
  class space    used 15607K, capacity 16872K, committed 17024K, reserved 1048576K
GC Heap History (20 events):
Event: 752.630 GC heap before
{Heap before GC invocations=34 (full 0):
 garbage-first heap   total 192512K, used 144914K [0x0000000080000000, 0x0000000100000000)
  region size 1024K, 34 young (34816K), 4 survivors (4096K)
 Metaspace       used 122876K, capacity 126098K, committed 126948K, reserved 1159168K
  class space    used 15515K, capacity 16740K, committed 17024K, reserved 1048576K
}
Event: 752.643 GC heap after
{Heap after GC invocations=35 (full 0):
 garbage-first heap   total 192512K, used 119638K [0x0000000080000000, 0x0000000100000000)
  region size 1024K, 5 young (5120K), 5 survivors (5120K)
 Metaspace       used 122876K, capacity 126098K, committed 126948K, reserved 1159168K
  class space    used 15515K, capacity 16740K, committed 17024K, reserved 1048576K
}
Event: 752.656 GC heap before
{Heap before GC invocations=35 (full 0):
 garbage-first heap   total 192512K, used 123734K [0x0000000080000000, 0x0000000100000000)
  region size 1024K, 9 young (9216K), 5 survivors (5120K)
 Metaspace       used 122876K, capacity 126098K, committed 126948K, reserved 1159168K
  class space    used 15515K, capacity 16740K, committed 17024K, reserved 1048576K
}
Event: 752.666 GC heap after
{Heap after GC invocations=36 (full 0):
 garbage-first heap   total 192512K, used 106811K [0x0000000080000000, 0x0000000100000000)
  region size 1024K, 1 young (1024K), 1 survivors (1024K)
 Metaspace       used 122876K, capacity 126098K, committed 126948K, reserved 1159168K
  class space    used 15515K, capacity 16740K, committed 17024K, reserved 1048576K
}
Event: 753.078 GC heap before
{Heap before GC invocations=36 (full 0):
 garbage-first heap   total 192512K, used 136507K [0x0000000080000000, 0x0000000100000000)
  region size 1024K, 32 young (32768K), 1 survivors (1024K)
 Metaspace       used 123049K, capacity 126232K, committed 126948K, reserved 1159168K
  class space    used 15517K, capacity 16742K, committed 17024K, reserved 1048576K
}
Event: 753.087 GC heap after
{Heap after GC invocations=37 (full 0):
 garbage-first heap   total 192512K, used 111386K [0x0000000080000000, 0x0000000100000000)
  region size 1024K, 5 young (5120K), 5 survivors (5120K)
 Metaspace       used 123049K, capacity 126232K, committed 126948K, reserved 1159168K
  class space    used 15517K, capacity 16742K, committed 17024K, reserved 1048576K
}
Event: 753.567 GC heap before
{Heap before GC invocations=38 (full 0):
 garbage-first heap   total 192512K, used 149443K [0x0000000080000000, 0x0000000100000000)
  region size 1024K, 42 young (43008K), 5 survivors (5120K)
 Metaspace       used 123620K, capacity 126853K, committed 127460K, reserved 1159168K
  class space    used 15534K, capacity 16748K, committed 17024K, reserved 1048576K
}
Event: 753.584 GC heap after
{Heap after GC invocations=39 (full 0):
 garbage-first heap   total 192512K, used 117496K [0x0000000080000000, 0x0000000100000000)
  region size 1024K, 6 young (6144K), 6 survivors (6144K)
 Metaspace       used 123620K, capacity 126853K, committed 127460K, reserved 1159168K
  class space    used 15534K, capacity 16748K, committed 17024K, reserved 1048576K
}
Event: 753.638 GC heap before
{Heap before GC invocations=39 (full 0):
 garbage-first heap   total 192512K, used 120568K [0x0000000080000000, 0x0000000100000000)
  region size 1024K, 9 young (9216K), 6 survivors (6144K)
 Metaspace       used 123726K, capacity 126995K, committed 127716K, reserved 1161216K
  class space    used 15536K, capacity 16748K, committed 17024K, reserved 1048576K
}
Event: 753.651 GC heap after
{Heap after GC invocations=40 (full 0):
 garbage-first heap   total 192512K, used 115050K [0x0000000080000000, 0x0000000100000000)
  region size 1024K, 2 young (2048K), 2 survivors (2048K)
 Metaspace       used 123726K, capacity 126995K, committed 127716K, reserved 1161216K
  class space    used 15536K, capacity 16748K, committed 17024K, reserved 1048576K
}
Event: 754.302 GC heap before
{Heap before GC invocations=40 (full 0):
 garbage-first heap   total 192512K, used 149866K [0x0000000080000000, 0x0000000100000000)
  region size 1024K, 36 young (36864K), 2 survivors (2048K)
 Metaspace       used 124555K, capacity 127799K, committed 128484K, reserved 1161216K
  class space    used 15550K, capacity 16761K, committed 17024K, reserved 1048576K
}
Event: 754.321 GC heap after
{Heap after GC invocations=41 (full 0):
 garbage-first heap   total 192512K, used 118075K [0x0000000080000000, 0x0000000100000000)
  region size 1024K, 5 young (5120K), 5 survivors (5120K)
 Metaspace       used 124555K, capacity 127799K, committed 128484K, reserved 1161216K
  class space    used 15550K, capacity 16761K, committed 17024K, reserved 1048576K
}
Event: 794.253 GC heap before
{Heap before GC invocations=42 (full 0):
 garbage-first heap   total 192512K, used 163131K [0x0000000080000000, 0x0000000100000000)
  region size 1024K, 39 young (39936K), 5 survivors (5120K)
 Metaspace       used 124929K, capacity 128216K, committed 128740K, reserved 1161216K
  class space    used 15568K, capacity 16803K, committed 17024K, reserved 1048576K
}
Event: 794.257 GC heap after
{Heap after GC invocations=43 (full 0):
 garbage-first heap   total 192512K, used 115262K [0x0000000080000000, 0x0000000100000000)
  region size 1024K, 2 young (2048K), 2 survivors (2048K)
 Metaspace       used 124929K, capacity 128216K, committed 128740K, reserved 1161216K
  class space    used 15568K, capacity 16803K, committed 17024K, reserved 1048576K
}
Event: 794.301 GC heap before
{Heap before GC invocations=43 (full 0):
 garbage-first heap   total 192512K, used 121406K [0x0000000080000000, 0x0000000100000000)
  region size 1024K, 9 young (9216K), 2 survivors (2048K)
 Metaspace       used 124938K, capacity 128217K, committed 128740K, reserved 1161216K
  class space    used 15568K, capacity 16803K, committed 17024K, reserved 1048576K
}
Event: 794.314 GC heap after
{Heap after GC invocations=44 (full 0):
 garbage-first heap   total 192512K, used 108450K [0x0000000080000000, 0x0000000100000000)
  region size 1024K, 1 young (1024K), 1 survivors (1024K)
 Metaspace       used 124938K, capacity 128217K, committed 128740K, reserved 1161216K
  class space    used 15568K, capacity 16803K, committed 17024K, reserved 1048576K
}
Event: 794.968 GC heap before
{Heap before GC invocations=44 (full 0):
 garbage-first heap   total 192512K, used 152482K [0x0000000080000000, 0x0000000100000000)
  region size 1024K, 43 young (44032K), 1 survivors (1024K)
 Metaspace       used 125273K, capacity 128693K, committed 128996K, reserved 1161216K
  class space    used 15599K, capacity 16859K, committed 17024K, reserved 1048576K
}
Event: 794.980 GC heap after
{Heap after GC invocations=45 (full 0):
 garbage-first heap   total 192512K, used 118274K [0x0000000080000000, 0x0000000100000000)
  region size 1024K, 6 young (6144K), 6 survivors (6144K)
 Metaspace       used 125273K, capacity 128693K, committed 128996K, reserved 1161216K
  class space    used 15599K, capacity 16859K, committed 17024K, reserved 1048576K
}
Event: 795.486 GC heap before
{Heap before GC invocations=45 (full 0):
 garbage-first heap   total 192512K, used 155138K [0x0000000080000000, 0x0000000100000000)
  region size 1024K, 42 young (43008K), 6 survivors (6144K)
 Metaspace       used 125415K, capacity 128835K, committed 129252K, reserved 1161216K
  class space    used 15600K, capacity 16861K, committed 17024K, reserved 1048576K
}
Event: 795.514 GC heap after
{Heap after GC invocations=46 (full 0):
 garbage-first heap   total 192512K, used 123891K [0x0000000080000000, 0x0000000100000000)
  region size 1024K, 6 young (6144K), 6 survivors (6144K)
 Metaspace       used 125415K, capacity 128835K, committed 129252K, reserved 1161216K
  class space    used 15600K, capacity 16861K, committed 17024K, reserved 1048576K
}

